<?xml version="1.0" encoding="UTF-8"?>
<!-- Generated by org.testng.reporters.JUnitXMLReporter -->
<testsuite hostname="MAC14847" name="browser-stack-Win-Edge-13 Test" tests="2" failures="0" timestamp="16 Sep 2016 12:08:32 GMT" time="56.321" errors="0">
  <testcase name="verifyLinksCampaigns" time="31.326" classname="testCases.MDP_FindAllLinks_TC"/>
  <testcase name="verifyContent" time="0.253" classname="testCases.MDP_VerifyContentInAPage_TC"/>
</testsuite> <!-- browser-stack-Win-Edge-13 Test -->
