<?xml version="1.0" encoding="UTF-8"?>
<!-- Generated by org.testng.reporters.JUnitXMLReporter -->
<testsuite hostname="MAC14847" name="browser-stack-Android-Samsung-S5 Mini" tests="2" failures="0" timestamp="16 Sep 2016 12:09:56 GMT" time="83.448" errors="0">
  <testcase name="verifyLinksCampaigns" time="14.341" classname="testCases.MDP_FindAllLinks_TC"/>
  <testcase name="verifyContent" time="0.245" classname="testCases.MDP_VerifyContentInAPage_TC"/>
</testsuite> <!-- browser-stack-Android-Samsung-S5 Mini -->
