<?xml version="1.0" encoding="UTF-8"?>
<!-- Generated by org.testng.reporters.JUnitXMLReporter -->
<testsuite hostname="MAC14847" name="ChromeTest" tests="3" failures="0" timestamp="4 Oct 2016 10:43:51 GMT" time="51.057" errors="0">
  <testcase name="verifyPostCodePopUp" time="32.922" classname="testCases.MDP_PostCodePopUp_TC"/>
  <testcase name="verify_ClosePostCodePopUp" time="2.407" classname="testCases.MDP_PostCodePopUp_TC"/>
  <testcase name="verify_PostCodePopupPresence" time="2.359" classname="testCases.MDP_PostCodePopUp_TC"/>
</testsuite> <!-- ChromeTest -->
