<?xml version="1.0" encoding="UTF-8"?>
<!-- Generated by org.testng.reporters.JUnitXMLReporter -->
<testsuite hostname="MAC14847" name="SafariTest" tests="3" failures="0" timestamp="16 Sep 2016 12:56:42 GMT" time="21.261" errors="0">
  <testcase name="verifyLinksCampaigns" time="8.692" classname="testCases.MDP_FindAllLinks_TC"/>
  <testcase name="verifyContent" time="0.529" classname="testCases.MDP_VerifyContentInAPage_TC"/>
  <testcase name="verifyMenu" time="0.263" classname="testCases.MDP_Menu_TC"/>
</testsuite> <!-- SafariTest -->
