<?xml version="1.0" encoding="UTF-8"?>
<!-- Generated by org.testng.reporters.JUnitXMLReporter -->
<testsuite hostname="MAC14847" name="selenium-grid-win10-MSEdge" tests="2" failures="0" timestamp="16 Sep 2016 12:11:11 GMT" time="75.111" errors="0">
  <testcase name="@BeforeTest browserExecute" time="0.0" classname="testCases.MDP_FindAllLinks_TC">
    <failure type="org.testng.TestException" message="
Class : SuperClass || Method : browserExecute || Description : Could not start a new session. Possible causes are invalid address of the remote server or browser start-up failure.
Build info: version: &amp;apos;unknown&amp;apos;, revision: &amp;apos;31c43c8&amp;apos;, time: &amp;apos;2016-08-02 21:57:56 -0700&amp;apos;
System info: host: &amp;apos;MAC14847&amp;apos;, ip: &amp;apos;127.0.0.1&amp;apos;, os.name: &amp;apos;Mac OS X&amp;apos;, os.arch: &amp;apos;x86_64&amp;apos;, os.version: &amp;apos;10.11.5&amp;apos;, java.version: &amp;apos;1.8.0_101&amp;apos;
Driver info: driver.version: RemoteWebDriver">
      <![CDATA[org.testng.TestException: 
Class : SuperClass || Method : browserExecute || Description : Could not start a new session. Possible causes are invalid address of the remote server or browser start-up failure.
Build info: version: 'unknown', revision: '31c43c8', time: '2016-08-02 21:57:56 -0700'
System info: host: 'MAC14847', ip: '127.0.0.1', os.name: 'Mac OS X', os.arch: 'x86_64', os.version: '10.11.5', java.version: '1.8.0_101'
Driver info: driver.version: RemoteWebDriver
	at testCases.MDP_SuperClass.browserExecute(MDP_SuperClass.java:205)
... Removed 22 stack frames]]>
    </failure>
  </testcase> <!-- @BeforeTest browserExecute -->
  <testcase name="@AfterTest afterTest" time="0.0" classname="testCases.MDP_FindAllLinks_TC">
    <skipped/>
  </testcase> <!-- @AfterTest afterTest -->
  <testcase name="verifyLinksCampaigns" time="0.001" classname="testCases.MDP_FindAllLinks_TC">
    <skipped/>
  </testcase> <!-- verifyLinksCampaigns -->
  <testcase name="verifyContent" time="0.001" classname="testCases.MDP_VerifyContentInAPage_TC">
    <skipped/>
  </testcase> <!-- verifyContent -->
</testsuite> <!-- selenium-grid-win10-MSEdge -->
