<?xml version="1.0" encoding="UTF-8"?>
<!-- Generated by org.testng.reporters.JUnitXMLReporter -->
<testsuite hostname="MAC14847" name="Default test" tests="3" failures="0" timestamp="17 Sep 2016 12:20:22 GMT" time="515.426" errors="0">
  <testcase name="verifyMenu" time="4.153" classname="testCases.MDP_Menu_TC"/>
  <testcase name="verifyContent" time="0.605" classname="testCases.MDP_VerifyContentInAPage_TC"/>
  <testcase name="verifyLinksCampaigns" time="486.181" classname="testCases.MDP_FindAllLinks_TC"/>
</testsuite> <!-- Default test -->
